{"C:\\Users\\Hande\\Desktop\\Chas stuff\\html övningar\\14012026-todo\\TodoManager.js": {"path":"C:\\Users\\Hande\\Desktop\\Chas stuff\\html övningar\\14012026-todo\\TodoManager.js","statementMap":{"0":{"start":{"line":3,"column":8},"end":{"line":3,"column":24}},"1":{"start":{"line":4,"column":8},"end":{"line":4,"column":24}},"2":{"start":{"line":8,"column":8},"end":{"line":8,"column":31}},"3":{"start":{"line":8,"column":19},"end":{"line":8,"column":31}},"4":{"start":{"line":9,"column":21},"end":{"line":9,"column":66}},"5":{"start":{"line":10,"column":8},"end":{"line":10,"column":30}},"6":{"start":{"line":11,"column":8},"end":{"line":11,"column":20}},"7":{"start":{"line":15,"column":8},"end":{"line":15,"column":26}},"8":{"start":{"line":19,"column":0},"end":{"line":19,"column":29}}},"fnMap":{"0":{"name":"(anonymous_0)","decl":{"start":{"line":2,"column":4},"end":{"line":2,"column":5}},"loc":{"start":{"line":2,"column":18},"end":{"line":5,"column":5}},"line":2},"1":{"name":"(anonymous_1)","decl":{"start":{"line":7,"column":4},"end":{"line":7,"column":5}},"loc":{"start":{"line":7,"column":18},"end":{"line":12,"column":5}},"line":7},"2":{"name":"(anonymous_2)","decl":{"start":{"line":14,"column":4},"end":{"line":14,"column":5}},"loc":{"start":{"line":14,"column":15},"end":{"line":16,"column":5}},"line":14}},"branchMap":{"0":{"loc":{"start":{"line":8,"column":8},"end":{"line":8,"column":31}},"type":"if","locations":[{"start":{"line":8,"column":8},"end":{"line":8,"column":31}},{"start":{},"end":{}}],"line":8}},"s":{"0":2,"1":2,"2":2,"3":1,"4":1,"5":1,"6":1,"7":1,"8":1},"f":{"0":2,"1":2,"2":1},"b":{"0":[1,1]},"_coverageSchema":"1a1c01bbd47fc00a2c39e90264f33305004495a9","hash":"4575edfda146d1de2f8e54dcec7facf4e6a37073"}
}
